C51 COMPILER V9.60.7.0   BMP                                                               07/04/2024 19:47:16 PAGE 1   


C51 COMPILER V9.60.7.0, COMPILATION OF MODULE BMP
OBJECT MODULE PLACED IN .\Objects\bmp.obj
COMPILER INVOKED BY: C:\Keil_v5\C51\BIN\C51.EXE bmp.c LARGE WARNINGLEVEL(1) OPTIMIZE(9,SIZE) BROWSE DEBUG OBJECTEXTEND P
                    -RINT(.\Listings\bmp.lst) TABS(2) OBJECT(.\Objects\bmp.obj)

line level    source

   1          #include "bmp.h"
   2          
   3          unsigned char code start_up[] = {
   4          0x00,0x00,0x00,0x00,0x00,0x00,0x00,0x00,0x00,0x00,0x00,0x00,0x00,0x00,0x00,0x00,
   5          0x00,0x00,0x00,0x00,0x00,0x00,0x00,0x00,0x00,0x00,0x00,0x00,0x00,0x00,0x00,0x00,
   6          0x00,0x00,0x00,0x00,0x00,0x00,0x00,0x00,0x00,0x00,0x00,0x00,0x00,0x80,0x80,0xC0,
   7          0xE0,0x50,0x30,0x30,0x18,0x18,0x18,0x8C,0xEC,0x0C,0x0E,0x02,0x06,0x06,0x06,0x06,
   8          0x06,0x06,0x06,0x06,0x06,0x0C,0x06,0x0C,0x0C,0x1C,0x18,0x98,0x38,0x30,0x60,0x60,
   9          0xC0,0xC0,0x80,0x00,0x00,0x00,0x00,0x00,0x00,0x00,0x00,0x00,0x00,0x00,0x00,0x00,
  10          0x00,0x00,0x00,0x00,0x00,0x00,0x00,0x00,0x00,0x00,0x00,0x00,0x00,0x00,0x00,0x00,
  11          0x00,0x00,0x00,0x00,0x00,0x00,0x00,0x00,0x00,0x00,0x00,0x00,0x00,0x00,0x00,0x00,
  12          0x00,0x00,0x00,0x00,0x00,0x00,0x00,0x00,0x00,0x00,0x00,0x00,0x00,0x00,0x00,0x00,
  13          0x00,0x00,0x00,0x00,0x00,0x00,0x00,0x00,0x00,0x00,0x00,0x00,0x00,0x00,0x00,0x00,
  14          0x00,0x00,0x00,0x00,0x00,0x00,0x80,0xE0,0x70,0x38,0x0C,0x0E,0x07,0x03,0x01,0x00,
  15          0x00,0x00,0x00,0x80,0x80,0x40,0x45,0x6E,0x2D,0x10,0x10,0x18,0x10,0x08,0x08,0x88,
  16          0x88,0x18,0x18,0x00,0x18,0x10,0x30,0x10,0x60,0x44,0xC3,0x8D,0x80,0x00,0x00,0x00,
  17          0x00,0x01,0x03,0x07,0x06,0x0C,0x3C,0x70,0xE0,0xC0,0x00,0x00,0x00,0x00,0x00,0x00,
  18          0x00,0x00,0x00,0x00,0x00,0x00,0x00,0x00,0x00,0x00,0x00,0x00,0x00,0x00,0x00,0x00,
  19          0x00,0x00,0x00,0x00,0x00,0x00,0x00,0x00,0x00,0x00,0x00,0x00,0x00,0x00,0x00,0x00,
  20          0x00,0x00,0x00,0x00,0x00,0x00,0x00,0x00,0x00,0x00,0x00,0x00,0x00,0x00,0x00,0x00,
  21          0x00,0x00,0x00,0x00,0x00,0x00,0x00,0x00,0x00,0x00,0x00,0x00,0x00,0x00,0x00,0x00,
  22          0x00,0x00,0x00,0xE0,0xFC,0x1E,0x07,0x01,0x00,0x02,0x24,0x78,0x06,0x80,0x60,0x30,
  23          0x0C,0x06,0x03,0x01,0x00,0x00,0xC0,0xF0,0xE0,0xC0,0xC0,0x80,0xC0,0xF0,0xFC,0x1F,
  24          0x1F,0x36,0xFC,0xD0,0xC0,0xA0,0xF0,0xD0,0x80,0x00,0x00,0x00,0x01,0x03,0x02,0x0C,
  25          0x30,0xF0,0xC8,0x30,0x2C,0x06,0x02,0x06,0x00,0x03,0x0F,0x7C,0xF8,0x80,0x00,0x00,
  26          0x00,0x00,0x00,0x00,0x00,0x00,0x00,0x00,0x00,0x00,0x00,0x00,0x00,0x00,0x00,0x00,
  27          0x00,0x00,0x00,0x00,0x00,0x00,0x00,0x00,0x00,0x00,0x00,0x00,0x00,0x00,0x00,0x00,
  28          0x00,0x00,0x00,0x00,0x00,0x00,0x00,0x00,0x00,0x00,0x00,0x00,0x00,0x00,0x00,0x00,
  29          0x00,0x00,0x00,0x00,0x00,0x00,0x00,0x00,0x00,0x00,0x00,0x00,0x00,0x00,0x00,0x00,
  30          0x00,0xC0,0xFF,0xAF,0x00,0x00,0x00,0x00,0x00,0x00,0x00,0x40,0xFE,0x07,0x00,0x18,
  31          0x38,0x18,0xD8,0x78,0x78,0x76,0x1F,0x1F,0x78,0xF9,0x5B,0x3F,0x1E,0x1B,0xF8,0xF8,
  32          0xBF,0xF6,0xE9,0xEF,0x3F,0xFD,0x79,0xE1,0xE7,0x7E,0x7C,0xE0,0xE0,0x60,0xE0,0x00,
  33          0x00,0x00,0x03,0xFE,0xA0,0x00,0x00,0x00,0x00,0x00,0x00,0x00,0x0B,0xFF,0xF8,0x40,
  34          0x00,0x00,0x00,0x00,0x00,0x00,0x00,0x00,0x00,0x00,0x00,0x00,0x00,0x00,0x00,0x00,
  35          0x00,0x00,0x00,0x00,0x00,0x00,0x00,0x00,0x00,0x00,0x00,0x00,0x00,0x00,0x00,0x00,
  36          0x00,0x00,0x00,0x00,0x00,0x00,0x00,0x00,0x00,0x00,0x00,0x00,0x00,0x00,0x00,0x00,
  37          0x00,0x00,0x00,0x00,0x00,0x00,0x00,0x00,0x00,0x00,0x00,0x00,0x00,0x00,0x00,0x00,
  38          0x00,0x02,0x7F,0xFA,0x80,0x00,0x30,0xC0,0x18,0xD0,0x00,0x03,0x3E,0xE0,0x80,0x88,
  39          0x98,0x90,0x18,0x98,0x18,0x98,0x98,0x10,0xB8,0x18,0x98,0x08,0x98,0x18,0x98,0x9F,
  40          0x8D,0x1B,0xBF,0x30,0x90,0x39,0x89,0x98,0x99,0xB0,0x90,0x19,0x99,0x98,0x30,0xB0,
  41          0x10,0x98,0xD0,0x7D,0x03,0x00,0xC0,0x30,0x20,0x20,0x00,0x00,0xD0,0xFF,0x1B,0x02,
  42          0x00,0x00,0x00,0x00,0x00,0x00,0x00,0x00,0x00,0x00,0x00,0x00,0x00,0x00,0x00,0x00,
  43          0x00,0x00,0x00,0x00,0x00,0x00,0x00,0x00,0x00,0x00,0x00,0x00,0x00,0x00,0x00,0x00,
  44          0x00,0x00,0x00,0x00,0x00,0x00,0x00,0x00,0x00,0x00,0x00,0x00,0x00,0x00,0x00,0x00,
  45          0x00,0x00,0x00,0x00,0x00,0x00,0x00,0x00,0x00,0x00,0x00,0x00,0x00,0x00,0x00,0x00,
  46          0x00,0x00,0x00,0x07,0x1F,0x38,0xF0,0xC1,0x02,0x1A,0x52,0x98,0x40,0x60,0x07,0x8D,
  47          0x19,0x31,0x21,0xC3,0x81,0x01,0x01,0x03,0x11,0xB9,0x43,0x81,0xB3,0x09,0xE9,0x21,
  48          0xD9,0x89,0xB9,0x21,0x01,0x19,0xF9,0x01,0x02,0x01,0x01,0x81,0xC1,0x61,0x31,0x13,
  49          0x0D,0x87,0x20,0x50,0x2C,0xA1,0x4B,0x12,0x82,0xC0,0x78,0x37,0x0F,0x01,0x00,0x00,
  50          0x00,0x00,0x00,0x00,0x00,0x00,0x00,0x00,0x00,0x00,0x00,0x00,0x00,0x00,0x00,0x00,
  51          0x00,0x00,0x00,0x00,0x00,0x00,0x00,0x00,0x00,0x00,0x00,0x00,0x00,0x00,0x00,0x00,
  52          0x00,0x00,0x00,0x00,0x00,0x00,0x00,0x00,0x00,0x00,0x00,0x00,0x00,0x00,0x00,0x00,
  53          0x00,0x00,0x00,0x00,0x00,0x00,0x00,0x00,0x00,0x00,0x00,0x00,0x00,0x00,0x00,0x00,
  54          0x00,0x00,0x00,0x00,0x00,0x00,0x01,0x03,0x0F,0x0C,0x38,0x38,0x73,0xC1,0xCA,0x82,
C51 COMPILER V9.60.7.0   BMP                                                               07/04/2024 19:47:16 PAGE 2   

  55          0x89,0x26,0x28,0x08,0x59,0xA1,0x62,0xA2,0x86,0x44,0x88,0x4C,0x88,0x09,0x08,0x08,
  56          0xC8,0x08,0x88,0x0C,0xC8,0x8C,0x84,0x46,0xA6,0x92,0x21,0x48,0x50,0x0C,0x2A,0x29,
  57          0x91,0x86,0xC5,0xE1,0x70,0x18,0x1C,0x07,0x07,0x01,0x00,0x00,0x00,0x00,0x00,0x00,
  58          0x00,0x00,0x00,0x00,0x00,0x00,0x00,0x00,0x00,0x00,0x00,0x00,0x00,0x00,0x00,0x00,
  59          0x00,0x00,0x00,0x00,0x00,0x00,0x00,0x00,0x00,0x00,0x00,0x00,0x00,0x00,0x00,0x00,
  60          0x00,0x00,0x00,0x00,0x00,0x00,0x00,0x00,0x00,0x00,0x00,0x00,0x00,0x00,0x00,0x00,
  61          0x00,0x00,0x00,0x00,0x00,0x00,0x00,0x00,0x00,0x00,0x00,0x00,0x00,0x00,0x00,0x00,
  62          0x00,0x00,0x00,0x00,0x00,0x00,0x00,0x00,0x00,0x00,0x00,0x00,0x00,0x00,0x01,0x01,
  63          0x03,0x07,0x06,0x0C,0x0C,0x0C,0x18,0x19,0x38,0x31,0x32,0x32,0x31,0x30,0x20,0x30,
  64          0x72,0x22,0x72,0x12,0x30,0x32,0x31,0x11,0x38,0x08,0x1C,0x0C,0x0E,0x06,0x06,0x03,
  65          0x03,0x01,0x00,0x00,0x00,0x00,0x00,0x00,0x00,0x00,0x00,0x00,0x00,0x00,0x00,0x00,
  66          0x00,0x00,0x00,0x00,0x00,0x00,0x00,0x00,0x00,0x00,0x00,0x00,0x00,0x00,0x00,0x00,
  67          0x00,0x00,0x00,0x00,0x00,0x00,0x00,0x00,0x00,0x00,0x00,0x00,0x00,0x00,0x00,0x00,
  68          };
  69          
  70          unsigned char code alarm_icon[] = {
  71          0x00,0x00,0x00,0x00,0x00,0x00,0x00,0x00,0x00,0x00,0x00,0x00,0x00,0x00,0x00,0x00,
  72          0x00,0x00,0x00,0x00,0x00,0x00,0x00,0x00,0x00,0x00,0x00,0x00,0x00,0x00,0x00,0x00,
  73          0x00,0x00,0x00,0x00,0x00,0x00,0x00,0x00,0x00,0x00,0x00,0x00,0x00,0x00,0x00,0x00,
  74          0x00,0x00,0x00,0x00,0xC0,0xE0,0xF0,0xF0,0x78,0x38,0x3C,0x1C,0x1E,0x1E,0x0E,0x0E,
  75          0x0E,0x0E,0x0E,0x1E,0x1C,0x3C,0x38,0x78,0xF0,0xE0,0xEC,0x98,0x30,0x20,0x00,0x00,
  76          0x00,0x00,0x00,0x00,0x00,0x00,0x00,0x00,0x00,0x00,0x00,0x00,0x00,0x00,0x00,0x00,
  77          0x00,0x00,0x00,0x00,0x00,0x00,0x00,0x00,0x00,0x00,0x00,0x00,0x00,0x00,0x00,0x00,
  78          0x00,0x00,0x00,0x00,0x00,0x00,0x00,0x00,0x00,0x00,0x00,0x00,0x00,0x00,0x00,0x00,
  79          0x00,0x00,0x00,0x00,0x00,0x00,0x00,0x00,0x00,0x00,0x00,0x00,0x00,0x00,0x00,0x00,
  80          0x00,0x00,0x00,0x00,0x00,0x00,0x00,0x00,0x00,0x00,0x00,0x00,0x00,0x00,0x00,0x00,
  81          0x00,0x00,0x00,0x00,0x00,0x00,0x00,0x00,0x00,0x00,0x00,0x00,0x00,0x00,0x00,0x00,
  82          0x00,0xF0,0xFC,0xFF,0x1F,0x07,0x01,0x00,0x10,0x30,0x30,0x60,0x60,0xC0,0xC0,0xC0,
  83          0xC0,0xC0,0x70,0x30,0x1C,0x0E,0x06,0x00,0x00,0x01,0x03,0x1F,0xFF,0xFE,0xF0,0x00,
  84          0x00,0x00,0x00,0x00,0x00,0x00,0x00,0x00,0x00,0x00,0x00,0x00,0x00,0x00,0x00,0x00,
  85          0x00,0x00,0x00,0x00,0x00,0x00,0x00,0x00,0x00,0x00,0x00,0x00,0x00,0x00,0x00,0x00,
  86          0x00,0x00,0x00,0x00,0x00,0x00,0x00,0x00,0x00,0x00,0x00,0x00,0x00,0x00,0x00,0x00,
  87          0x00,0x00,0x00,0x00,0x00,0x00,0x00,0x00,0x00,0x00,0x00,0x00,0x00,0x00,0x00,0x00,
  88          0x00,0x00,0x00,0x00,0x00,0x00,0x00,0x00,0x00,0x00,0x00,0x00,0x00,0x00,0x00,0x00,
  89          0x00,0x00,0x00,0x00,0x00,0x00,0x00,0x00,0x00,0x00,0x00,0x00,0x00,0x00,0x00,0x00,
  90          0x00,0xFF,0xFF,0xFF,0xF8,0xE0,0x80,0x00,0x00,0x00,0x00,0x00,0x00,0x00,0x01,0xFF,
  91          0xFF,0x01,0x00,0x00,0x00,0x00,0x00,0x00,0x00,0x80,0xC0,0xF8,0xFF,0xFF,0xFF,0x00,
  92          0x00,0x00,0x00,0x00,0x00,0x00,0x00,0x00,0x00,0x00,0x00,0x00,0x00,0x00,0x00,0x00,
  93          0x00,0x00,0x00,0x00,0x00,0x00,0x00,0x00,0x00,0x00,0x00,0x00,0x00,0x00,0x00,0x00,
  94          0x00,0x00,0x00,0x00,0x00,0x00,0x00,0x00,0x00,0x00,0x00,0x00,0x00,0x00,0x00,0x00,
  95          0x00,0x00,0x00,0x00,0x00,0x00,0x00,0x00,0x00,0x00,0x00,0x00,0x00,0x00,0x00,0x00,
  96          0x00,0x00,0x00,0x00,0x00,0x00,0x00,0x00,0x00,0x00,0x00,0x00,0x00,0x00,0x00,0x00,
  97          0x00,0x00,0x00,0x00,0x00,0x00,0x00,0x00,0x00,0x00,0x00,0x00,0x00,0x00,0x00,0x00,
  98          0x00,0x7F,0x7F,0x7F,0x7F,0x7F,0x7F,0x7F,0x7E,0x7C,0x78,0x78,0x78,0x70,0x70,0x73,
  99          0x73,0x70,0x70,0x78,0x78,0x78,0x7C,0x7E,0x7F,0x7F,0x7F,0x7F,0x7F,0x7F,0x7F,0x00,
 100          0x00,0x00,0x00,0x00,0x00,0x00,0x00,0x00,0x00,0x00,0x00,0x00,0x00,0x00,0x00,0x00,
 101          0x00,0x00,0x00,0x00,0x00,0x00,0x00,0x00,0x00,0x00,0x00,0x00,0x00,0x00,0x00,0x00,
 102          0x00,0x00,0x00,0x00,0x00,0x00,0x00,0x00,0x00,0x00,0x00,0x00,0x00,0x00,0x00,0x00,
 103          };
 104          
 105          unsigned char code fire_icon[] = {
 106          0x00,0x00,0x00,0x00,0x00,0x00,0x00,0x00,0x00,0x00,0x00,0x00,0x00,0x00,0x00,0x00,
 107          0x00,0x00,0x00,0x00,0x00,0x00,0x00,0x00,0x00,0x00,0x00,0x00,0x00,0x00,0x00,0x00,
 108          0x00,0x00,0x00,0x00,0x00,0x00,0x00,0x00,0x00,0x00,0x00,0x00,0x00,0x00,0x00,0x00,
 109          0x00,0x00,0x00,0x00,0x00,0x00,0x00,0x00,0x00,0x80,0xC0,0xE0,0xF0,0xF0,0xF8,0xFC,
 110          0xFC,0xFE,0xF0,0xC0,0x80,0x00,0x00,0x00,0x00,0x00,0x00,0x00,0x00,0x00,0x00,0x00,
 111          0x00,0x00,0x00,0x00,0x00,0x00,0x00,0x00,0x00,0x00,0x00,0x00,0x00,0x00,0x00,0x00,
 112          0x00,0x00,0x00,0x00,0x00,0x00,0x00,0x00,0x00,0x00,0x00,0x00,0x00,0x00,0x00,0x00,
 113          0x00,0x00,0x00,0x00,0x00,0x00,0x00,0x00,0x00,0x00,0x00,0x00,0x00,0x00,0x00,0x00,
 114          0x00,0x00,0x00,0x00,0x00,0x00,0x00,0x00,0x00,0x00,0x00,0x00,0x00,0x00,0x00,0x00,
 115          0x00,0x00,0x00,0x00,0x00,0x00,0x00,0x00,0x00,0x00,0x00,0x00,0x00,0x00,0x00,0x00,
 116          0x00,0x00,0x00,0x00,0x00,0x00,0x00,0x00,0x00,0x00,0x00,0x00,0x00,0x00,0x00,0x00,
C51 COMPILER V9.60.7.0   BMP                                                               07/04/2024 19:47:16 PAGE 3   

 117          0x00,0x00,0x00,0x00,0x80,0xE0,0xF8,0xFC,0xFF,0xFF,0xFF,0xFF,0xFF,0xFF,0xFF,0xFF,
 118          0xFF,0xFF,0xFF,0xFF,0xFF,0xFF,0xFE,0xFC,0xF8,0xF0,0xE0,0x80,0x00,0x00,0x00,0x00,
 119          0x00,0x00,0x00,0x00,0x00,0x00,0x00,0x00,0x00,0x00,0x00,0x00,0x00,0x00,0x00,0x00,
 120          0x00,0x00,0x00,0x00,0x00,0x00,0x00,0x00,0x00,0x00,0x00,0x00,0x00,0x00,0x00,0x00,
 121          0x00,0x00,0x00,0x00,0x00,0x00,0x00,0x00,0x00,0x00,0x00,0x00,0x00,0x00,0x00,0x00,
 122          0x00,0x00,0x00,0x00,0x00,0x00,0x00,0x00,0x00,0x00,0x00,0x00,0x00,0x00,0x00,0x00,
 123          0x00,0x00,0x00,0x00,0x00,0x00,0x00,0x00,0x00,0x00,0x00,0x00,0x00,0x00,0x00,0x00,
 124          0x00,0x00,0x00,0x00,0x00,0x00,0x00,0x00,0x00,0x00,0x00,0x00,0x00,0x00,0x00,0x00,
 125          0x00,0x00,0x00,0x1C,0xFF,0xFF,0xFF,0xFF,0xFF,0xFF,0xFF,0xFF,0x7F,0x3F,0x1F,0x0F,
 126          0x07,0x1F,0x1F,0x3F,0x7F,0xFF,0xFF,0xFF,0xFF,0xFF,0xFF,0xFF,0x1E,0x00,0x00,0x00,
 127          0x00,0x00,0x00,0x00,0x00,0x00,0x00,0x00,0x00,0x00,0x00,0x00,0x00,0x00,0x00,0x00,
 128          0x00,0x00,0x00,0x00,0x00,0x00,0x00,0x00,0x00,0x00,0x00,0x00,0x00,0x00,0x00,0x00,
 129          0x00,0x00,0x00,0x00,0x00,0x00,0x00,0x00,0x00,0x00,0x00,0x00,0x00,0x00,0x00,0x00,
 130          0x00,0x00,0x00,0x00,0x00,0x00,0x00,0x00,0x00,0x00,0x00,0x00,0x00,0x00,0x00,0x00,
 131          0x00,0x00,0x00,0x00,0x00,0x00,0x00,0x00,0x00,0x00,0x00,0x00,0x00,0x00,0x00,0x00,
 132          0x00,0x00,0x00,0x00,0x00,0x00,0x00,0x00,0x00,0x00,0x00,0x00,0x00,0x00,0x00,0x00,
 133          0x00,0x00,0x00,0x00,0x00,0x03,0x07,0x0F,0x1F,0x3F,0x3F,0x60,0x40,0x00,0x00,0x00,
 134          0x00,0x00,0x00,0x00,0x40,0x21,0x3F,0x1F,0x0F,0x07,0x03,0x00,0x00,0x00,0x00,0x00,
 135          0x00,0x00,0x00,0x00,0x00,0x00,0x00,0x00,0x00,0x00,0x00,0x00,0x00,0x00,0x00,0x00,
 136          0x00,0x00,0x00,0x00,0x00,0x00,0x00,0x00,0x00,0x00,0x00,0x00,0x00,0x00,0x00,0x00,
 137          0x00,0x00,0x00,0x00,0x00,0x00,0x00,0x00,0x00,0x00,0x00,0x00,0x00,0x00,0x00,0x00,
 138          };
 139          
 140          unsigned char code success_icon[] = {
 141          0x00,0x00,0x00,0x00,0x00,0x00,0x00,0x00,0x00,0x00,0x00,0x00,0x00,0x00,0x00,0x00,
 142          0x00,0x00,0x00,0x00,0x00,0x00,0x00,0x00,0x00,0x00,0x00,0x00,0x00,0x00,0x00,0x00,
 143          0x00,0x00,0x00,0x00,0x00,0x00,0x00,0x00,0x00,0x00,0x00,0x00,0x00,0x00,0x00,0x00,
 144          0x00,0x00,0x00,0x00,0x00,0x00,0x00,0x00,0x00,0x00,0x00,0x00,0x00,0x00,0x00,0x00,
 145          0x00,0x00,0x00,0x80,0xC0,0xE0,0x70,0x38,0x1C,0x0C,0x1C,0x38,0x70,0xE0,0xC0,0x80,
 146          0x00,0x00,0x00,0x00,0x00,0x00,0x00,0x00,0x00,0x00,0x00,0x00,0x00,0x00,0x00,0x00,
 147          0x00,0x00,0x00,0x00,0x00,0x00,0x00,0x00,0x00,0x00,0x00,0x00,0x00,0x00,0x00,0x00,
 148          0x00,0x00,0x00,0x00,0x00,0x00,0x00,0x00,0x00,0x00,0x00,0x00,0x00,0x00,0x00,0x00,
 149          0x00,0x00,0x00,0x00,0x00,0x00,0x00,0x00,0x00,0x00,0x00,0x00,0x00,0x00,0x00,0x00,
 150          0x00,0x00,0x00,0x00,0x00,0x00,0x00,0x00,0x00,0x00,0x00,0x00,0x00,0x00,0x00,0x00,
 151          0x00,0x00,0x00,0x00,0x00,0x00,0x00,0x00,0x00,0x00,0x00,0x00,0x00,0x00,0x00,0x00,
 152          0x80,0xC0,0xE0,0x70,0x38,0x1C,0x1C,0x38,0x70,0xE0,0xC0,0x80,0xC0,0xE0,0x70,0x38,
 153          0x1C,0x0E,0x07,0x03,0x01,0x00,0x80,0xC0,0xE0,0x70,0x38,0x1C,0x0E,0x07,0x03,0x01,
 154          0x00,0x00,0x00,0x00,0x00,0x00,0x00,0x00,0x00,0x00,0x00,0x00,0x00,0x00,0x00,0x00,
 155          0x00,0x00,0x00,0x00,0x00,0x00,0x00,0x00,0x00,0x00,0x00,0x00,0x00,0x00,0x00,0x00,
 156          0x00,0x00,0x00,0x00,0x00,0x00,0x00,0x00,0x00,0x00,0x00,0x00,0x00,0x00,0x00,0x00,
 157          0x00,0x00,0x00,0x00,0x00,0x00,0x00,0x00,0x00,0x00,0x00,0x00,0x00,0x00,0x00,0x00,
 158          0x00,0x00,0x00,0x00,0x00,0x00,0x00,0x00,0x00,0x00,0x00,0x00,0x00,0x00,0x00,0x00,
 159          0x00,0x00,0x00,0x00,0x00,0x00,0x00,0x00,0x00,0x00,0x00,0x00,0x00,0x00,0x00,0x00,
 160          0x03,0x07,0x0E,0x1C,0x38,0x70,0xF0,0xF8,0x9C,0x0E,0x07,0x03,0x01,0x00,0x80,0xC0,
 161          0xE0,0x70,0x38,0x1C,0x0E,0x07,0x03,0x01,0x00,0x00,0x00,0x00,0x00,0x00,0x00,0x00,
 162          0x00,0x00,0x00,0x00,0x00,0x00,0x00,0x00,0x00,0x00,0x00,0x00,0x00,0x00,0x00,0x00,
 163          0x00,0x00,0x00,0x00,0x00,0x00,0x00,0x00,0x00,0x00,0x00,0x00,0x00,0x00,0x00,0x00,
 164          0x00,0x00,0x00,0x00,0x00,0x00,0x00,0x00,0x00,0x00,0x00,0x00,0x00,0x00,0x00,0x00,
 165          0x00,0x00,0x00,0x00,0x00,0x00,0x00,0x00,0x00,0x00,0x00,0x00,0x00,0x00,0x00,0x00,
 166          0x00,0x00,0x00,0x00,0x00,0x00,0x00,0x00,0x00,0x00,0x00,0x00,0x00,0x00,0x00,0x00,
 167          0x00,0x00,0x00,0x00,0x00,0x00,0x00,0x00,0x00,0x00,0x00,0x00,0x00,0x00,0x00,0x00,
 168          0x00,0x00,0x00,0x00,0x00,0x00,0x00,0x01,0x03,0x07,0x0E,0x0C,0x0E,0x07,0x03,0x01,
 169          0x00,0x00,0x00,0x00,0x00,0x00,0x00,0x00,0x00,0x00,0x00,0x00,0x00,0x00,0x00,0x00,
 170          0x00,0x00,0x00,0x00,0x00,0x00,0x00,0x00,0x00,0x00,0x00,0x00,0x00,0x00,0x00,0x00,
 171          0x00,0x00,0x00,0x00,0x00,0x00,0x00,0x00,0x00,0x00,0x00,0x00,0x00,0x00,0x00,0x00,
 172          0x00,0x00,0x00,0x00,0x00,0x00,0x00,0x00,0x00,0x00,0x00,0x00,0x00,0x00,0x00,0x00,
 173          };


MODULE INFORMATION:   STATIC OVERLAYABLE
   CODE SIZE        =   ----    ----
   CONSTANT SIZE    =   2560    ----
C51 COMPILER V9.60.7.0   BMP                                                               07/04/2024 19:47:16 PAGE 4   

   XDATA SIZE       =   ----    ----
   PDATA SIZE       =   ----    ----
   DATA SIZE        =   ----    ----
   IDATA SIZE       =   ----    ----
   BIT SIZE         =   ----    ----
END OF MODULE INFORMATION.


C51 COMPILATION COMPLETE.  0 WARNING(S),  0 ERROR(S)
