C51 COMPILER V9.60.7.0   DS1302                                                            05/29/2024 17:29:05 PAGE 1   


C51 COMPILER V9.60.7.0, COMPILATION OF MODULE DS1302
OBJECT MODULE PLACED IN .\Objects\ds1302.obj
COMPILER INVOKED BY: C:\Keil_v5\C51\BIN\C51.EXE ds1302.c LARGE WARNINGLEVEL(1) OPTIMIZE(9,SIZE) BROWSE DEBUG OBJECTEXTEN
                    -D PRINT(.\Listings\ds1302.lst) TABS(2) OBJECT(.\Objects\ds1302.obj)

line level    source

   1          #include <reg52.h>
   2          #include <intrins.h>
   3          #include "ds1302.h"
   4          #include "oled.h"
   5          #include "delay.h"
   6          #include "lunar.h"
   7          
   8          uchar dis_time_buf[16]={0};
   9          
  10          //初始时间定义
  11          uchar time_buf[8] = {0x20,0x24,0x05,0x14,0x17,0x59,0x38,0x02};//初始时间2024年5月14号17点59分38秒 星期二
  12          
  13          //DS1302初始化函数
  14          void ds1302_init(void) 
  15          {
  16   1        RST=0;      //RST脚置低
  17   1        SCK=0;      //SCK脚置低
  18   1      }
  19          //向DS1302写入一字节数据
  20          void ds1302_write_byte(uchar addr, uchar d) 
  21          {
  22   1        uchar i;
  23   1        RST=1;          //启动DS1302总线  
  24   1        //写入目标地址：addr
  25   1        addr = addr & 0xFE;   //最低位置零，寄存器0位为0时写，为1时读
  26   1        for (i = 0; i < 8; i ++) {
  27   2          if (addr & 0x01) {
  28   3            IO=1;
  29   3            }
  30   2          else {
  31   3            IO=0;
  32   3            }
  33   2          SCK=1;      //产生时钟
  34   2          SCK=0;
  35   2          addr = addr >> 1;
  36   2          } 
  37   1        //写入数据：d
  38   1        for (i = 0; i < 8; i ++) {
  39   2          if (d & 0x01) {
  40   3            IO=1;
  41   3            }
  42   2          else {
  43   3            IO=0;
  44   3            }
  45   2          SCK=1;    //产生时钟
  46   2          SCK=0;
  47   2          d = d >> 1;
  48   2          }
  49   1        RST=0;    //停止DS1302总线
  50   1      }
  51          
  52          //从DS1302读出一字节数据
  53          uchar ds1302_read_byte(uchar addr) {
  54   1      
C51 COMPILER V9.60.7.0   DS1302                                                            05/29/2024 17:29:05 PAGE 2   

  55   1        uchar i,temp; 
  56   1        RST=1;          //启动DS1302总线
  57   1        //写入目标地址：addr
  58   1        addr = addr | 0x01;    //最低位置高，寄存器0位为0时写，为1时读
  59   1        for (i = 0; i < 8; i ++) {
  60   2          if (addr & 0x01) {
  61   3            IO=1;
  62   3            }
  63   2          else {
  64   3            IO=0;
  65   3            }
  66   2          SCK=1;
  67   2          SCK=0;
  68   2          addr = addr >> 1;
  69   2          } 
  70   1        //输出数据：temp
  71   1        for (i = 0; i < 8; i ++) {
  72   2          temp = temp >> 1;
  73   2          if (IO) {
  74   3            temp |= 0x80;
  75   3            }
  76   2          else {
  77   3            temp &= 0x7F;
  78   3            }
  79   2          SCK=1;
  80   2          SCK=0;
  81   2          } 
  82   1        RST=0;          //停止DS1302总线
  83   1        return temp;
  84   1      }
  85          //向DS1302写入时钟数据
  86          void ds1302_write_time(void)
  87          {
  88   1        ds1302_write_byte(ds1302_control_add,0x00);     //关闭写保护 
  89   1        ds1302_write_byte(ds1302_sec_add,0x80);       //暂停时钟 
  90   1        //ds1302_write_byte(ds1302_charger_add,0xa9);     //涓流充电 
  91   1        ds1302_write_byte(ds1302_year_add,time_buf[1]);   //年 
  92   1        ds1302_write_byte(ds1302_month_add,time_buf[2]);  //月 
  93   1        ds1302_write_byte(ds1302_date_add,time_buf[3]);   //日 
  94   1        ds1302_write_byte(ds1302_hr_add,time_buf[4]);   //时 
  95   1        ds1302_write_byte(ds1302_min_add,time_buf[5]);    //分
  96   1        ds1302_write_byte(ds1302_sec_add,time_buf[6]);    //秒
  97   1        ds1302_write_byte(ds1302_day_add,time_buf[7]);    //周 
  98   1        ds1302_write_byte(ds1302_control_add,0x80);     //打开写保护     
  99   1      }
 100          //从DS1302读出时钟数据
 101          void ds1302_read_time(void)  
 102          {
 103   1        time_buf[1]=ds1302_read_byte(ds1302_year_add);    //年 
 104   1        time_buf[2]=ds1302_read_byte(ds1302_month_add);   //月 
 105   1        time_buf[3]=ds1302_read_byte(ds1302_date_add);    //日 
 106   1        time_buf[4]=ds1302_read_byte(ds1302_hr_add);    //时 
 107   1        time_buf[5]=ds1302_read_byte(ds1302_min_add);   //分 
 108   1        time_buf[6]=(ds1302_read_byte(ds1302_sec_add))&0x7f;//秒，屏蔽秒的第7位，避免超出59
 109   1        time_buf[7]=ds1302_read_byte(ds1302_day_add);   //周  
 110   1      }
 111          
 112          void print_time_now(uchar x, uchar y, uchar hour_type){
 113   1        uchar hour;
 114   1        char time_to_show[9];
 115   1        read_discrete_time();
 116   1        if(hour_type == 12){
C51 COMPILER V9.60.7.0   DS1302                                                            05/29/2024 17:29:05 PAGE 3   

 117   2          hour = get_integer_hour();
 118   2          if(hour >= 12) OLED_ShowString(x+72,y,"PM",16);
 119   2          else OLED_ShowString(x+72,y,"AM",16);
 120   2          if(hour > 12) hour -= 12;
 121   2          dis_time_buf[8] = hour / 10;
 122   2          dis_time_buf[9] = hour % 10;
 123   2        }
 124   1        else OLED_ShowString(x+72,y,"  ",16);
 125   1        if(dis_time_buf[8] == 0) time_to_show[0] = ' ';
 126   1        else time_to_show[0] = (char)(dis_time_buf[8]+'0');
 127   1        time_to_show[1] = (char)(dis_time_buf[9]+'0');
 128   1        time_to_show[2] = ':';
 129   1        time_to_show[3] = (char)(dis_time_buf[10]+'0');
 130   1        time_to_show[4] = (char)(dis_time_buf[11]+'0');
 131   1        time_to_show[5] = ':';
 132   1        time_to_show[6] = (char)(dis_time_buf[12]+'0');
 133   1        time_to_show[7] = (char)(dis_time_buf[13]+'0');
 134   1        time_to_show[8] = 0;
 135   1        OLED_ShowString(x,y,time_to_show,16);
 136   1      }
 137          
 138          void print_date_now(uchar x, uchar y){
 139   1        char date_to_show[11];
 140   1        uchar weekday_char[2] = {16, 15};
 141   1        read_discrete_time();
 142   1        date_to_show[0] = (char)(dis_time_buf[0]+'0');
 143   1        date_to_show[1] = (char)(dis_time_buf[1]+'0');
 144   1        date_to_show[2] = (char)(dis_time_buf[2]+'0');
 145   1        date_to_show[3] = (char)(dis_time_buf[3]+'0');
 146   1        date_to_show[4] = '/';
 147   1        date_to_show[5] = (char)(dis_time_buf[4]+'0');
 148   1        date_to_show[6] = (char)(dis_time_buf[5]+'0');
 149   1        date_to_show[7] = '/';
 150   1        date_to_show[8] = (char)(dis_time_buf[6]+'0');
 151   1        date_to_show[9] = (char)(dis_time_buf[7]+'0');
 152   1        date_to_show[10] = 0;
 153   1        OLED_ShowString(x,y,date_to_show,16);
 154   1        weekday_char[1] = dis_time_buf[14];
 155   1        OLED_ShowChineseString(x+90,y,1,weekday_char,2);
 156   1      }
 157          
 158          void print_lunar(uchar x,uchar y,uchar month,uchar day){
 159   1        uchar lunar_date_char[4] = {0, 15, 13, 1};
 160   1        if(month>1) lunar_date_char[0] = month;
 161   1        else lunar_date_char[0] = 0;
 162   1        if(day<=10){
 163   2          lunar_date_char[2] = 13;
 164   2          lunar_date_char[3] = day;
 165   2        }
 166   1        else if(day<20){
 167   2          lunar_date_char[2] = 10;
 168   2          lunar_date_char[3] = day%10;
 169   2        }
 170   1        else if(day == 20){
 171   2          lunar_date_char[2] = 2;
 172   2          lunar_date_char[3] = 10;;
 173   2        }
 174   1        else if(day<30){
 175   2          lunar_date_char[2] = 14;
 176   2          lunar_date_char[3] = day%10;
 177   2        }
 178   1        else{
C51 COMPILER V9.60.7.0   DS1302                                                            05/29/2024 17:29:05 PAGE 4   

 179   2          lunar_date_char[2] = 3;
 180   2          lunar_date_char[3] = 10;
 181   2        }
 182   1        OLED_ShowChineseString(x,y,1,lunar_date_char,4);
 183   1      }
 184          
 185          void print_lunar_now(uchar x,uchar y){
 186   1        uchar lunar_date[2];
 187   1        get_lunar_calendar(get_integer_year(), get_integer_month(), get_integer_day(), lunar_date);
 188   1        print_lunar(x, y, lunar_date[0], lunar_date[1]);
 189   1      }
 190          
 191          void print_solar_term_now(uchar x,uchar y){
 192   1        char solar_term_char[2] = {0, 1};
 193   1        uchar num = get_solar_term_num(get_integer_year(), get_integer_month(), get_integer_day());
 194   1        solar_term_char[0] = num;
 195   1        solar_term_char[1] = num+1;
 196   1        OLED_ShowChineseString(x,y,2,solar_term_char,2);
 197   1      }
 198          
 199          void read_discrete_time()
 200          {
 201   1        ds1302_read_time();  //读取时间 
 202   1        dis_time_buf[0]=(time_buf[0]>>4); //年   
 203   1        dis_time_buf[1]=(time_buf[0]&0x0f);
 204   1         
 205   1        dis_time_buf[2]=(time_buf[1]>>4);   
 206   1        dis_time_buf[3]=(time_buf[1]&0x0f);
 207   1      
 208   1        dis_time_buf[4]=(time_buf[2]>>4); //月  
 209   1        dis_time_buf[5]=(time_buf[2]&0x0f);
 210   1         
 211   1        dis_time_buf[6]=(time_buf[3]>>4); //日   
 212   1        dis_time_buf[7]=(time_buf[3]&0x0f);
 213   1         
 214   1        dis_time_buf[14]=(time_buf[7]&0x07); //星期
 215   1         
 216   1        dis_time_buf[8]=(time_buf[4]>>4); //时   
 217   1        dis_time_buf[9]=(time_buf[4]&0x0f);
 218   1      
 219   1        dis_time_buf[10]=(time_buf[5]>>4); //分   
 220   1        dis_time_buf[11]=(time_buf[5]&0x0f);   
 221   1      
 222   1        dis_time_buf[12]=(time_buf[6]>>4); //秒   
 223   1        dis_time_buf[13]=(time_buf[6]&0x0f);
 224   1      }
 225           
 226          char isLeapYear(uint year) {
 227   1          if ((year % 4 == 0 && year % 100 != 0) || year % 400 == 0) {
 228   2              return 1;
 229   2          } else {
 230   2              return 0;
 231   2          }
 232   1      }
 233          
 234          uint get_integer_year(){
 235   1        read_discrete_time();
 236   1        return dis_time_buf[0]*1000+dis_time_buf[1]*100+dis_time_buf[2]*10+dis_time_buf[3];
 237   1      }
 238          
 239          uchar get_integer_month(){
 240   1        read_discrete_time();
C51 COMPILER V9.60.7.0   DS1302                                                            05/29/2024 17:29:05 PAGE 5   

 241   1        return dis_time_buf[4]*10+dis_time_buf[5];
 242   1      }
 243          
 244          uchar get_integer_day(){
 245   1        read_discrete_time();
 246   1        return dis_time_buf[6]*10+dis_time_buf[7];
 247   1      }
 248          
 249          uchar get_integer_hour(){
 250   1        read_discrete_time();
 251   1        return dis_time_buf[8]*10+dis_time_buf[9];
 252   1      }
 253          
 254          uchar get_integer_minute(){
 255   1        read_discrete_time();
 256   1        return dis_time_buf[10]*10+dis_time_buf[11];
 257   1      }
 258          
 259          uchar get_integer_second(){
 260   1        read_discrete_time();
 261   1        return dis_time_buf[12]*10+dis_time_buf[13];
 262   1      }
 263          
 264          uchar get_integer_weekday(){
 265   1        read_discrete_time();
 266   1        return dis_time_buf[14];
 267   1      }
 268          
 269          uchar calculate_week_day(uint year, uchar month, uchar day){
 270   1        uchar iWeek;
 271   1        if(month==1||month==2) {
 272   2          month+=12;
 273   2          year--;
 274   2        }
 275   1        iWeek = (day+2*month+3*(month+1)/5+year+year/4-year/100+year/400)%7 + 1;
 276   1        return iWeek;
 277   1      }
 278          
 279          void write_time_to_buffer(uint year, uchar month, uchar day, uchar hour, uchar minute, uchar second, uchar
             - weekday){
 280   1        time_buf[0] = year / 1000 * 16 + (year / 100) % 10;
 281   1        time_buf[1] = ((year / 10) % 10) * 16 + year % 10;
 282   1        time_buf[2] = (month / 10) * 16 + month % 10;
 283   1        time_buf[3] = (day / 10) * 16 + day % 10;
 284   1        time_buf[4] = (hour / 10) * 16 + hour % 10;
 285   1        time_buf[5] = (minute / 10) * 16 + minute % 10;
 286   1        time_buf[6] = (second / 10) * 16 + second % 10;
 287   1        time_buf[7] = weekday;
 288   1        ds1302_write_time();
 289   1      }


MODULE INFORMATION:   STATIC OVERLAYABLE
   CODE SIZE        =   1564    ----
   CONSTANT SIZE    =     17    ----
   XDATA SIZE       =     24      54
   PDATA SIZE       =   ----    ----
   DATA SIZE        =   ----    ----
   IDATA SIZE       =   ----    ----
   BIT SIZE         =   ----    ----
END OF MODULE INFORMATION.


C51 COMPILATION COMPLETE.  0 WARNING(S),  0 ERROR(S)
