C51 COMPILER V9.60.7.0   KEYSCAN                                                           07/04/2024 19:58:39 PAGE 1   


C51 COMPILER V9.60.7.0, COMPILATION OF MODULE KEYSCAN
OBJECT MODULE PLACED IN .\Objects\keyscan.obj
COMPILER INVOKED BY: C:\Keil_v5\C51\BIN\C51.EXE keyscan.c LARGE WARNINGLEVEL(1) OPTIMIZE(9,SIZE) BROWSE DEBUG OBJECTEXTE
                    -ND PRINT(.\Listings\keyscan.lst) TABS(2) OBJECT(.\Objects\keyscan.obj)

line level    source

   1          #include "keyscan.h"
   2          #include "delay.h"
   3          
   4          uchar getKey(){
   5   1        uchar key_num;
   6   1        if(key1==0){
   7   2          LED = 0;
   8   2          delay_ms(20);
   9   2          if(key1==0) key_num=1;
  10   2          //while(!key1);
  11   2          LED = 1;
  12   2        }
  13   1        else if(key2==0){
  14   2          LED = 0;
  15   2          delay_ms(20);
  16   2          if(key2==0) key_num=2;
  17   2          //while(!key2);
  18   2          LED = 1;
  19   2        }
  20   1        else if(key3==0){
  21   2          LED = 0;
  22   2          delay_ms(20);
  23   2          if(key3==0) key_num=3;
  24   2          //while(!key3);
  25   2          LED = 1;
  26   2        }
  27   1        else if(key4==0){
  28   2          LED = 0;
  29   2          delay_ms(20);
  30   2          if(key4==0) key_num=4;
  31   2          //while(!key4);
  32   2          LED = 1;
  33   2        }
  34   1        else key_num=0;
  35   1        return key_num;
  36   1      }


MODULE INFORMATION:   STATIC OVERLAYABLE
   CODE SIZE        =    107    ----
   CONSTANT SIZE    =   ----    ----
   XDATA SIZE       =   ----       1
   PDATA SIZE       =   ----    ----
   DATA SIZE        =   ----    ----
   IDATA SIZE       =   ----    ----
   BIT SIZE         =   ----    ----
END OF MODULE INFORMATION.


C51 COMPILATION COMPLETE.  0 WARNING(S),  0 ERROR(S)
