C51 COMPILER V9.60.7.0   MQ2                                                               06/08/2024 17:18:22 PAGE 1   


C51 COMPILER V9.60.7.0, COMPILATION OF MODULE MQ2
OBJECT MODULE PLACED IN .\Objects\mq2.obj
COMPILER INVOKED BY: C:\Keil_v5\C51\BIN\C51.EXE mq2.c LARGE WARNINGLEVEL(1) OPTIMIZE(9,SIZE) BROWSE DEBUG OBJECTEXTEND P
                    -RINT(.\Listings\mq2.lst) TABS(2) OBJECT(.\Objects\mq2.obj)

line level    source

   1          #include "delay.h"
   2          #include "mq2.h"
   3          #include "mp3.h"
   4          #include "oled.h"
   5          #include "keyscan.h"
   6          #include "hc08.h"
   7          
   8          uchar smog_alarm_enable = 1;
   9          uchar smog_alarm_suspend = 0;
  10          
  11          uchar isSmoking(){
  12   1        if(mq2 == 0){
  13   2          delay_for_mq2();
  14   2          if(mq2 == 0) return 1;
  15   2        }
  16   1        return 0;
  17   1      }
  18          
  19          void page_smog_alarm(){
  20   1        char vol_init;
  21   1        OLED_Clear();
  22   1        OLED_ShowString(0,2,"Smog Detected!",16);
  23   1        vol_init = get_volume();
  24   1        set_volume(30);
  25   1        sendData("FIRE");
  26   1        set_single_loop(1);
  27   1        playmusic(19);
  28   1        while(1){
  29   2          if(getKey() || !isSmoking()){
  30   3            stopmusic();
  31   3            set_single_loop(0);
  32   3            set_volume(vol_init);
  33   3            smog_alarm_suspend = 1;
  34   3            OLED_Clear();
  35   3            break;
  36   3          }
  37   2        }
  38   1      }
  39          
  40          void mq2_tick_tock(){
  41   1        if(smog_alarm_enable){
  42   2          if(isSmoking()){
  43   3            if(!smog_alarm_suspend) page_smog_alarm();
  44   3          }
  45   2          else{
  46   3            if(smog_alarm_suspend) smog_alarm_suspend = 0;
  47   3          }
  48   2        }
  49   1      }


MODULE INFORMATION:   STATIC OVERLAYABLE
   CODE SIZE        =    136    ----
   CONSTANT SIZE    =     20    ----
C51 COMPILER V9.60.7.0   MQ2                                                               06/08/2024 17:18:22 PAGE 2   

   XDATA SIZE       =      2       1
   PDATA SIZE       =   ----    ----
   DATA SIZE        =   ----    ----
   IDATA SIZE       =   ----    ----
   BIT SIZE         =   ----    ----
END OF MODULE INFORMATION.


C51 COMPILATION COMPLETE.  0 WARNING(S),  0 ERROR(S)
